<?xml version="1.0" encoding="UTF-8"?>
<!-- Generated by org.testng.reporters.JUnitReportReporter -->
<testsuite hostname="qainfotech-HP-Compaq-4000-Pro-SFF-PC" name="TestFunctions" tests="5" failures="0" timestamp="1 Mar 2019 11:22:06 GMT" time="3.006" errors="0">
  <testcase name="gridGate" time="0.396" classname="TestFunctions"/>
  <testcase name="launchPopupWindow" time="0.697" classname="TestFunctions"/>
  <testcase name="frameDungeon" time="1.174" classname="TestFunctions"/>
  <testcase name="dragAround" time="0.348" classname="TestFunctions"/>
  <testcase name="cookieHandling" time="0.391" classname="TestFunctions"/>
</testsuite> <!-- TestFunctions -->
